<?xml version='1.0' encoding='UTF-8'?>
<testsuites tests='4' failures='0'>
  <testsuite name='Impostor_Tests.ImpostorGameModel_Tests' tests='3' failures='0'>
    <testcase classname='Impostor_Tests.ImpostorGameModel_Tests' name='testElimanateAPlayer' time='0.067'/>
    <testcase classname='Impostor_Tests.ImpostorGameModel_Tests' name='testGameStatusChangedWhenDoneShowingSecretWords' time='0.001'/>
    <testcase classname='Impostor_Tests.ImpostorGameModel_Tests' name='testStartGameWithSamePlayers' time='0.003'/>
  </testsuite>
  <testsuite name='ImpostorUITests.ImpostorUITests' tests='1' failures='0'>
    <testcase classname='ImpostorUITests.ImpostorUITests' name='testScreenshots' time='31.804'/>
  </testsuite>
</testsuites>